C:\Users\admin\Documents\PetrovAAA\LABA_1\Logical\Global.typ
C:\Users\admin\Documents\PetrovAAA\LABA_1\Logical\Global.var
C:\Users\admin\Documents\PetrovAAA\LABA_1\Logical\Libraries\Runtime\runtime.fun
C:\Users\admin\Documents\PetrovAAA\LABA_1\Logical\Libraries\Runtime\runtime.typ
C:\Users\admin\Documents\PetrovAAA\LABA_1\Logical\Libraries\Runtime\runtime.var
C:\Users\admin\Documents\PetrovAAA\LABA_1\Logical\Libraries\Operator\operator.fun
C:\Users\admin\Documents\PetrovAAA\LABA_1\Logical\Libraries\Operator\operator.typ
C:\Users\admin\Documents\PetrovAAA\LABA_1\Logical\Libraries\Operator\operator.var
C:\Users\admin\Documents\PetrovAAA\LABA_1\Logical\Libraries\AsIecCon\AsIecCon.fun
C:\Users\admin\Documents\PetrovAAA\LABA_1\Logical\Libraries\AsIecCon\AsIecCon.typ
C:\Users\admin\Documents\PetrovAAA\LABA_1\Logical\Libraries\AsIecCon\AsIecCon.var
C:\Users\admin\Documents\PetrovAAA\LABA_1\Logical\Libraries\astime\astime.fun
C:\Users\admin\Documents\PetrovAAA\LABA_1\Logical\Libraries\astime\astime.typ
C:\Users\admin\Documents\PetrovAAA\LABA_1\Logical\Libraries\astime\astime.var
C:\Users\admin\Documents\PetrovAAA\LABA_1\Logical\Libraries\sys_lib\sys_lib.fun
C:\Users\admin\Documents\PetrovAAA\LABA_1\Logical\Libraries\sys_lib\sys_lib.typ
C:\Users\admin\Documents\PetrovAAA\LABA_1\Logical\Libraries\sys_lib\sys_lib.var
C:\Users\admin\Documents\PetrovAAA\LABA_1\Logical\Libraries\asstring\asstring.fun
C:\Users\admin\Documents\PetrovAAA\LABA_1\Logical\Libraries\asstring\asstring.typ
C:\Users\admin\Documents\PetrovAAA\LABA_1\Logical\Libraries\asstring\asstring.var
C:\Users\admin\Documents\PetrovAAA\LABA_1\Logical\Libraries\Library1\Types.typ
C:\Users\admin\Documents\PetrovAAA\LABA_1\Logical\Libraries\Library1\Constants.var
C:\Users\admin\Documents\PetrovAAA\LABA_1\Logical\Libraries\Library1\Library1.fun
