<?xml version="1.0" encoding="utf-8"?>
<?AutomationStudio Version="4.5.2.102"?>
<Objects>
  <Object
    Path="C:\Users\admin\Documents\PetrovAAA\LABA_1\Logical\Package.pkg"
    LogicalPath=""
    Type="Package.ParentUnknown"
    LastWriteTime="132124967480000000" />
  <Object
    Path="C:\Users\admin\Documents\PetrovAAA\LABA_1\Logical\Global.typ"
    LogicalPath="Global.typ"
    Type="File"
    LastWriteTime="131200294240000000"
    Private="false" />
  <Object
    Path="C:\Users\admin\Documents\PetrovAAA\LABA_1\Logical\Global.var"
    LogicalPath="Global.var"
    Type="File"
    LastWriteTime="131485599380000000"
    Private="false" />
  <Object
    Path="C:\Users\admin\Documents\PetrovAAA\LABA_1\Logical\Libraries\Package.pkg"
    LogicalPath="Libraries"
    Type="Package"
    LastWriteTime="132124950240000000" />
  <Object
    Path="C:\Users\admin\Documents\PetrovAAA\LABA_1\Logical\Libraries\Runtime\Binary.lby"
    LogicalPath="Libraries.Runtime"
    Type="Library"
    LastWriteTime="131091475340000000" />
  <Object
    Path="C:\Users\admin\Documents\PetrovAAA\LABA_1\Logical\Libraries\Runtime\runtime.fun"
    LogicalPath="Libraries.Runtime.runtime.fun"
    Type="File"
    LastWriteTime="131091475340000000"
    Private="false" />
  <Object
    Path="C:\Users\admin\Documents\PetrovAAA\LABA_1\Logical\Libraries\Runtime\runtime.typ"
    LogicalPath="Libraries.Runtime.runtime.typ"
    Type="File"
    LastWriteTime="131091475340000000"
    Private="false" />
  <Object
    Path="C:\Users\admin\Documents\PetrovAAA\LABA_1\Logical\Libraries\Runtime\runtime.var"
    LogicalPath="Libraries.Runtime.runtime.var"
    Type="File"
    LastWriteTime="131091475340000000"
    Private="false" />
  <Object
    Path="C:\Users\admin\Documents\PetrovAAA\LABA_1\Logical\Libraries\Operator\Binary.lby"
    LogicalPath="Libraries.Operator"
    Type="Library"
    LastWriteTime="131091475340000000" />
  <Object
    Path="C:\Users\admin\Documents\PetrovAAA\LABA_1\Logical\Libraries\Operator\operator.fun"
    LogicalPath="Libraries.Operator.operator.fun"
    Type="File"
    LastWriteTime="131091475340000000"
    Private="false" />
  <Object
    Path="C:\Users\admin\Documents\PetrovAAA\LABA_1\Logical\Libraries\Operator\operator.typ"
    LogicalPath="Libraries.Operator.operator.typ"
    Type="File"
    LastWriteTime="131091475340000000"
    Private="false" />
  <Object
    Path="C:\Users\admin\Documents\PetrovAAA\LABA_1\Logical\Libraries\Operator\operator.var"
    LogicalPath="Libraries.Operator.operator.var"
    Type="File"
    LastWriteTime="131091475340000000"
    Private="false" />
  <Object
    Path="C:\Users\admin\Documents\PetrovAAA\LABA_1\Logical\Libraries\AsIecCon\Binary.lby"
    LogicalPath="Libraries.AsIecCon"
    Type="Library"
    LastWriteTime="131091475340000000" />
  <Object
    Path="C:\Users\admin\Documents\PetrovAAA\LABA_1\Logical\Libraries\AsIecCon\AsIecCon.fun"
    LogicalPath="Libraries.AsIecCon.AsIecCon.fun"
    Type="File"
    LastWriteTime="131091475340000000"
    Private="false" />
  <Object
    Path="C:\Users\admin\Documents\PetrovAAA\LABA_1\Logical\Libraries\AsIecCon\AsIecCon.typ"
    LogicalPath="Libraries.AsIecCon.AsIecCon.typ"
    Type="File"
    LastWriteTime="131091475340000000"
    Private="false" />
  <Object
    Path="C:\Users\admin\Documents\PetrovAAA\LABA_1\Logical\Libraries\AsIecCon\AsIecCon.var"
    LogicalPath="Libraries.AsIecCon.AsIecCon.var"
    Type="File"
    LastWriteTime="131091475340000000"
    Private="false" />
  <Object
    Path="C:\Users\admin\Documents\PetrovAAA\LABA_1\Logical\Libraries\astime\Binary.lby"
    LogicalPath="Libraries.astime"
    Type="Library"
    LastWriteTime="131091475340000000" />
  <Object
    Path="C:\Users\admin\Documents\PetrovAAA\LABA_1\Logical\Libraries\astime\astime.fun"
    LogicalPath="Libraries.astime.astime.fun"
    Type="File"
    LastWriteTime="131091475340000000"
    Private="false" />
  <Object
    Path="C:\Users\admin\Documents\PetrovAAA\LABA_1\Logical\Libraries\astime\astime.typ"
    LogicalPath="Libraries.astime.astime.typ"
    Type="File"
    LastWriteTime="131091475340000000"
    Private="false" />
  <Object
    Path="C:\Users\admin\Documents\PetrovAAA\LABA_1\Logical\Libraries\astime\astime.var"
    LogicalPath="Libraries.astime.astime.var"
    Type="File"
    LastWriteTime="131091475340000000"
    Private="false" />
  <Object
    Path="C:\Users\admin\Documents\PetrovAAA\LABA_1\Logical\Libraries\sys_lib\Binary.lby"
    LogicalPath="Libraries.sys_lib"
    Type="Library"
    LastWriteTime="131194240100000000" />
  <Object
    Path="C:\Users\admin\Documents\PetrovAAA\LABA_1\Logical\Libraries\sys_lib\sys_lib.fun"
    LogicalPath="Libraries.sys_lib.sys_lib.fun"
    Type="File"
    LastWriteTime="131194240100000000"
    Private="false" />
  <Object
    Path="C:\Users\admin\Documents\PetrovAAA\LABA_1\Logical\Libraries\sys_lib\sys_lib.typ"
    LogicalPath="Libraries.sys_lib.sys_lib.typ"
    Type="File"
    LastWriteTime="131194240100000000"
    Private="false" />
  <Object
    Path="C:\Users\admin\Documents\PetrovAAA\LABA_1\Logical\Libraries\sys_lib\sys_lib.var"
    LogicalPath="Libraries.sys_lib.sys_lib.var"
    Type="File"
    LastWriteTime="131194240100000000"
    Private="false" />
  <Object
    Path="C:\Users\admin\Documents\PetrovAAA\LABA_1\Logical\Libraries\asstring\Binary.lby"
    LogicalPath="Libraries.asstring"
    Type="Library"
    LastWriteTime="131194240160000000" />
  <Object
    Path="C:\Users\admin\Documents\PetrovAAA\LABA_1\Logical\Libraries\asstring\asstring.fun"
    LogicalPath="Libraries.asstring.asstring.fun"
    Type="File"
    LastWriteTime="131194240160000000"
    Private="false" />
  <Object
    Path="C:\Users\admin\Documents\PetrovAAA\LABA_1\Logical\Libraries\asstring\asstring.typ"
    LogicalPath="Libraries.asstring.asstring.typ"
    Type="File"
    LastWriteTime="131194240160000000"
    Private="false" />
  <Object
    Path="C:\Users\admin\Documents\PetrovAAA\LABA_1\Logical\Libraries\asstring\asstring.var"
    LogicalPath="Libraries.asstring.asstring.var"
    Type="File"
    LastWriteTime="131194240160000000"
    Private="false" />
  <Object
    Path="C:\Users\admin\Documents\PetrovAAA\LABA_1\Logical\Libraries\Library1\ANSIC.lby"
    LogicalPath="Libraries.Library1"
    Type="Library"
    LastWriteTime="132124959560000000" />
  <Object
    Path="C:\Users\admin\Documents\PetrovAAA\LABA_1\Logical\Libraries\Library1\Types.typ"
    LogicalPath="Libraries.Library1.Types.typ"
    Type="File"
    LastWriteTime="132124950180000000"
    Private="false" />
  <Object
    Path="C:\Users\admin\Documents\PetrovAAA\LABA_1\Logical\Libraries\Library1\Constants.var"
    LogicalPath="Libraries.Library1.Constants.var"
    Type="File"
    LastWriteTime="132124950180000000"
    Private="false" />
  <Object
    Path="C:\Users\admin\Documents\PetrovAAA\LABA_1\Logical\Libraries\Library1\Library1.fun"
    LogicalPath="Libraries.Library1.Library1.fun"
    Type="File"
    LastWriteTime="132143243249897951"
    Private="false" />
  <Object
    Path="C:\Users\admin\Documents\PetrovAAA\LABA_1\Logical\Libraries\Library1\FB_Integrator.c"
    LogicalPath="Libraries.Library1.FB_Integrator.c"
    Type="File"
    LastWriteTime="132144152025395641"
    Private="false" />
  <Object
    Path="C:\Users\admin\Documents\PetrovAAA\LABA_1\Logical\Libraries\Library1\FBMotor.c"
    LogicalPath="Libraries.Library1.FBMotor.c"
    Type="File"
    LastWriteTime="132145007139502185"
    Private="false" />
  <Object
    Path="C:\Users\admin\Documents\PetrovAAA\LABA_1\Logical\Libraries\Library1\FB_Regulator.c"
    LogicalPath="Libraries.Library1.FB_Regulator.c"
    Type="File"
    LastWriteTime="132144963436319509"
    Private="false" />
  <Object
    Path="C:\Users\admin\Documents\PetrovAAA\LABA_1\Logical\Program1\ANSIC.prg"
    LogicalPath="Program1"
    Type="Program"
    LastWriteTime="132124967400000000" />
  <Object
    Path="C:\Users\admin\Documents\PetrovAAA\LABA_1\Logical\Program1\Main.c"
    LogicalPath="Program1.Main.c"
    Type="File"
    LastWriteTime="132145032314235566"
    Private="false" />
  <Object
    Path="C:\Users\admin\Documents\PetrovAAA\LABA_1\Logical\Program1\Types.typ"
    LogicalPath="Program1.Types.typ"
    Type="File"
    LastWriteTime="132124967400000000"
    Private="true" />
  <Object
    Path="C:\Users\admin\Documents\PetrovAAA\LABA_1\Logical\Program1\Variables.var"
    LogicalPath="Program1.Variables.var"
    Type="File"
    LastWriteTime="132144135247897144"
    Private="true" />
  <Object
    Path="C:\Users\admin\Documents\PetrovAAA\LABA_1\Physical\SampleText\Config.pkg"
    LogicalPath="SampleText"
    Type="Configuration.ParentUnknown"
    LastWriteTime="131194231020000000" />
  <Object
    Path="C:\Users\admin\Documents\PetrovAAA\LABA_1\Physical\SampleText\Hardware.hw"
    LogicalPath="SampleText.Hardware.hw"
    Type="File"
    LastWriteTime="132143284981994851"
    Private="false" />
  <Object
    Path="C:\Users\admin\Documents\PetrovAAA\LABA_1\Physical\SampleText\Hardware.hwl"
    LogicalPath="SampleText.Hardware.hwl"
    Type="File"
    LastWriteTime="131485600060000000"
    Private="false" />
  <Object
    Path="C:\Users\admin\Documents\PetrovAAA\LABA_1\Physical\SampleText\4PP065_0571_P74\Cpu.pkg"
    LogicalPath="SampleText.4PP065_0571_P74"
    Type="Cpu"
    LastWriteTime="132143206885940400" />
  <Object
    Path="C:\Users\admin\Documents\PetrovAAA\LABA_1\Physical\SampleText\4PP065_0571_P74\Cpu.sw"
    LogicalPath="SampleText.4PP065_0571_P74.Cpu.sw"
    Type="File"
    LastWriteTime="132145022699959299"
    Private="false" />
  <Object
    Path="C:\Users\admin\Documents\PetrovAAA\LABA_1\Physical\SampleText\4PP065_0571_P74\Cpu.per"
    LogicalPath="SampleText.4PP065_0571_P74.Cpu.per"
    Type="File"
    LastWriteTime="131194231000000000"
    Private="false" />
  <Object
    Path="C:\Users\admin\Documents\PetrovAAA\LABA_1\Physical\SampleText\4PP065_0571_P74\IoMap.iom"
    LogicalPath="SampleText.4PP065_0571_P74.IoMap.iom"
    Type="File"
    LastWriteTime="131485599220000000"
    Private="false" />
  <Object
    Path="C:\Users\admin\Documents\PetrovAAA\LABA_1\Physical\SampleText\4PP065_0571_P74\PvMap.vvm"
    LogicalPath="SampleText.4PP065_0571_P74.PvMap.vvm"
    Type="File"
    LastWriteTime="131194231000000000"
    Private="false" />
  <Object
    Path="C:\Users\admin\Documents\PetrovAAA\LABA_1\Physical\SampleText\4PP065_0571_P74\mapp\Package.pkg"
    LogicalPath="SampleText.4PP065_0571_P74.mapp"
    Type="Package"
    LastWriteTime="131194231000000000" />
  <Object
    Path="C:\Users\admin\Documents\PetrovAAA\LABA_1\Physical\SampleText\4PP065_0571_P74\Connectivity\Package.pkg"
    LogicalPath="SampleText.4PP065_0571_P74.Connectivity"
    Type="Package"
    LastWriteTime="131194231000000000" />
  <Object
    Path="C:\Users\admin\Documents\PetrovAAA\LABA_1\Physical\SampleText\4PP065_0571_P74\Connectivity\OpcUA\Package.pkg"
    LogicalPath="SampleText.4PP065_0571_P74.Connectivity.OpcUA"
    Type="Package"
    LastWriteTime="131194231000000000" />
  <Object
    Path="C:\Users\admin\Documents\PetrovAAA\LABA_1\Physical\SampleText\4PP065_0571_P74\TextSystem\Package.pkg"
    LogicalPath="SampleText.4PP065_0571_P74.TextSystem"
    Type="Package"
    LastWriteTime="131194231000000000" />
  <Object
    Path="C:\Users\admin\Documents\PetrovAAA\LABA_1\Physical\SampleText\4PP065_0571_P74\AccessAndSecurity\Package.pkg"
    LogicalPath="SampleText.4PP065_0571_P74.AccessAndSecurity"
    Type="Package"
    LastWriteTime="131194231000000000" />
  <Object
    Path="C:\Users\admin\Documents\PetrovAAA\LABA_1\Physical\SampleText\4PP065_0571_P74\AccessAndSecurity\UserRoleSystem\Package.pkg"
    LogicalPath="SampleText.4PP065_0571_P74.AccessAndSecurity.UserRoleSystem"
    Type="Package"
    LastWriteTime="131194231000000000" />
  <Object
    Path="C:\Users\admin\Documents\PetrovAAA\LABA_1\Physical\SampleText\4PP065_0571_P74\AccessAndSecurity\UserRoleSystem\Role.role"
    LogicalPath="SampleText.4PP065_0571_P74.AccessAndSecurity.UserRoleSystem.Role.role"
    Type="File"
    LastWriteTime="131194231000000000"
    Private="false" />
  <Object
    Path="C:\Users\admin\Documents\PetrovAAA\LABA_1\Physical\SampleText\4PP065_0571_P74\AccessAndSecurity\UserRoleSystem\User.user"
    LogicalPath="SampleText.4PP065_0571_P74.AccessAndSecurity.UserRoleSystem.User.user"
    Type="File"
    LastWriteTime="131194231000000000"
    Private="false" />
  <Object
    Path="C:\Users\admin\Documents\PetrovAAA\LABA_1\Physical\SampleText\4PP065_0571_P74\AccessAndSecurity\CertificateStore\Package.pkg"
    LogicalPath="SampleText.4PP065_0571_P74.AccessAndSecurity.CertificateStore"
    Type="Package"
    LastWriteTime="131194231000000000" />
  <Object
    Path="C:\Users\admin\Documents\PetrovAAA\LABA_1\Physical\SampleText\4PP065_0571_P74\AccessAndSecurity\CertificateStore\OwnCertificates\Package.pkg"
    LogicalPath="SampleText.4PP065_0571_P74.AccessAndSecurity.CertificateStore.OwnCertificates"
    Type="Package"
    LastWriteTime="131194231000000000" />
  <Object
    Path="C:\Users\admin\Documents\PetrovAAA\LABA_1\Physical\SampleText\4PP065_0571_P74\AccessAndSecurity\CertificateStore\OwnCertificates\Certificates\Package.pkg"
    LogicalPath="SampleText.4PP065_0571_P74.AccessAndSecurity.CertificateStore.OwnCertificates.Certificates"
    Type="Package"
    LastWriteTime="131194231000000000" />
  <Object
    Path="C:\Users\admin\Documents\PetrovAAA\LABA_1\Physical\SampleText\4PP065_0571_P74\AccessAndSecurity\CertificateStore\OwnCertificates\PrivateKeys\Package.pkg"
    LogicalPath="SampleText.4PP065_0571_P74.AccessAndSecurity.CertificateStore.OwnCertificates.PrivateKeys"
    Type="Package"
    LastWriteTime="131194231000000000" />
  <Object
    Path="C:\Users\admin\Documents\PetrovAAA\LABA_1\Physical\SampleText\4PP065_0571_P74\AccessAndSecurity\CertificateStore\ThirdPartyCertificates\Package.pkg"
    LogicalPath="SampleText.4PP065_0571_P74.AccessAndSecurity.CertificateStore.ThirdPartyCertificates"
    Type="Package"
    LastWriteTime="131194231000000000" />
  <Object
    Path="C:\Users\admin\Documents\PetrovAAA\LABA_1\Physical\SampleText\4PP065_0571_P74\AccessAndSecurity\CertificateStore\ThirdPartyCertificates\SoftwareCertificates\Package.pkg"
    LogicalPath="SampleText.4PP065_0571_P74.AccessAndSecurity.CertificateStore.ThirdPartyCertificates.SoftwareCertificates"
    Type="Package"
    LastWriteTime="131194231000000000" />
  <Object
    Path="C:\Users\admin\Documents\PetrovAAA\LABA_1\Physical\SampleText\4PP065_0571_P74\AccessAndSecurity\CertificateStore\CertificateRevocationLists\Package.pkg"
    LogicalPath="SampleText.4PP065_0571_P74.AccessAndSecurity.CertificateStore.CertificateRevocationLists"
    Type="Package"
    LastWriteTime="131194231000000000" />
  <Object
    Path="C:\Users\admin\Documents\PetrovAAA\LABA_1\Physical\SampleText\4PP065_0571_P74\AccessAndSecurity\CertificateStore\CertificateSigningRequests\Package.pkg"
    LogicalPath="SampleText.4PP065_0571_P74.AccessAndSecurity.CertificateStore.CertificateSigningRequests"
    Type="Package"
    LastWriteTime="131194231000000000" />
  <Object
    Path="C:\Users\admin\Documents\PetrovAAA\LABA_1\Physical\SampleText\4PP065_0571_P74\AccessAndSecurity\TransportLayerSecurity\Package.pkg"
    LogicalPath="SampleText.4PP065_0571_P74.AccessAndSecurity.TransportLayerSecurity"
    Type="Package"
    LastWriteTime="131194231000000000" />
  <Object
    Path="C:\Users\admin\Documents\PetrovAAA\LABA_1\Physical\SampleText\Hardware.jpg"
    LogicalPath="SampleText.Hardware.jpg"
    Type="File"
    LastWriteTime="131485600060000000"
    Private="false" />
</Objects>